<?xml version="1.0" encoding="UTF-8"?>
<!-- Generated by org.testng.reporters.JUnitXMLReporter -->
<testsuite hostname="Randhawas-MacBook-Air.local" ignored="1" name="ChromeTest" tests="3" failures="0" timestamp="2019-12-12T17:11:00 EST" time="6.265" errors="0">
  <testcase name="verifyPageTitle" time="0.468" classname="demo.CBT"/>
  <testcase name="verifySearchBtnIsEnabled" time="0.219" classname="demo.CBT"/>
  <testcase name="VerifyLoginBtnVisibility" time="0.076" classname="demo.CBT"/>
  <testcase name="verifyText" time="0.0" classname="demo.CBT">
    <ignored/>
  </testcase> <!-- verifyText -->
</testsuite> <!-- ChromeTest -->
